Watching for file changes with StatReloader
[10/Nov/2024 13:23:08] "GET / HTTP/1.0" 200 1778
[10/Nov/2024 13:24:28] "GET / HTTP/1.0" 200 1778
[10/Nov/2024 13:24:32] "GET / HTTP/1.0" 200 1778
[10/Nov/2024 13:24:33] "GET / HTTP/1.0" 200 1778
[10/Nov/2024 13:24:33] "GET / HTTP/1.0" 200 1778
[10/Nov/2024 13:24:34] "GET / HTTP/1.0" 200 1778
[10/Nov/2024 13:24:35] "GET / HTTP/1.0" 200 1778
[10/Nov/2024 13:25:14] "GET / HTTP/1.0" 200 1778
Traceback (most recent call last):
  File "/home/ubuntu/orca/manage.py", line 13, in main
    from django.core.management import execute_from_command_line
ModuleNotFoundError: No module named 'django'

The above exception was the direct cause of the following exception:

Traceback (most recent call last):
  File "/home/ubuntu/orca/manage.py", line 24, in <module>
    main()
  File "/home/ubuntu/orca/manage.py", line 15, in main
    raise ImportError(
ImportError: Couldn't import Django. Are you sure it's installed and available on your PYTHONPATH environment variable? Did you forget to activate a virtual environment?
Watching for file changes with StatReloader
[10/Nov/2024 13:31:26] "GET / HTTP/1.0" 200 1778
[10/Nov/2024 13:42:57] "GET / HTTP/1.0" 200 1778
[10/Nov/2024 13:54:12] "GET / HTTP/1.0" 200 1778
Not Found: /favicon.ico
[10/Nov/2024 13:54:13] "GET /favicon.ico HTTP/1.0" 404 2453
[10/Nov/2024 14:19:46] "GET /? HTTP/1.0" 200 1778
Not Found: /portal/redlion
[10/Nov/2024 14:21:32] "GET /portal/redlion HTTP/1.0" 404 2462
[10/Nov/2024 14:22:38] "GET / HTTP/1.0" 200 1778
[10/Nov/2024 14:30:38] "GET / HTTP/1.0" 200 1778
Not Found: /Core/Skin/Login.aspx
[10/Nov/2024 15:01:44] "HEAD /Core/Skin/Login.aspx HTTP/1.0" 404 0
[10/Nov/2024 15:09:37] "GET / HTTP/1.0" 200 1778
[10/Nov/2024 15:37:04] "GET / HTTP/1.0" 200 1778
[10/Nov/2024 15:38:55] "GET / HTTP/1.0" 200 1778
[10/Nov/2024 15:38:59] "GET / HTTP/1.0" 200 1778
[10/Nov/2024 16:07:39] "GET / HTTP/1.0" 200 1778
[10/Nov/2024 16:07:42] "GET / HTTP/1.0" 200 1778
Not Found: /favicon.ico
[10/Nov/2024 16:07:42] "GET /favicon.ico HTTP/1.0" 404 2453
[10/Nov/2024 16:33:28] "GET / HTTP/1.0" 200 1778
Not Found: /Core/Skin/Login.aspx
[10/Nov/2024 16:42:44] "HEAD /Core/Skin/Login.aspx HTTP/1.0" 404 0
[10/Nov/2024 16:55:03] "GET /admin/assets/js/views/login.js HTTP/1.0" 302 0
[10/Nov/2024 16:58:36] "GET / HTTP/1.0" 200 1778
